{"/Users/akojiagoh/next-technical-test/client/src/App.css": {"path":"/Users/akojiagoh/next-technical-test/client/src/App.css","statementMap":{},"fnMap":{},"branchMap":{},"s":{},"f":{},"b":{},"meta":{"lastBranch":0,"lastFunction":0,"lastStatement":0,"seen":{}}}
,"/Users/akojiagoh/next-technical-test/client/src/App.tsx": {"path":"/Users/akojiagoh/next-technical-test/client/src/App.tsx","statementMap":{"0":{"start":{"line":10,"column":6},"end":{"line":59,"column":null}},"1":{"start":{"line":62,"column":2},"end":{"line":72,"column":null}}},"fnMap":{"0":{"name":"App","decl":{"start":{"line":61,"column":9},"end":{"line":61,"column":15}},"loc":{"start":{"line":61,"column":15},"end":{"line":74,"column":null}},"line":61}},"branchMap":{},"s":{"0":1,"1":6},"f":{"0":6},"b":{},"meta":{"lastBranch":0,"lastFunction":1,"lastStatement":2,"seen":{"s:10:6:59:Infinity":0,"f:61:9:61:15":0,"s:62:2:72:Infinity":1}}}
,"/Users/akojiagoh/next-technical-test/client/src/components/scrollTop/index.tsx": {"path":"/Users/akojiagoh/next-technical-test/client/src/components/scrollTop/index.tsx","statementMap":{"0":{"start":{"line":8,"column":23},"end":{"line":8,"column":null}},"1":{"start":{"line":12,"column":8},"end":{"line":16,"column":null}},"2":{"start":{"line":18,"column":22},"end":{"line":28,"column":null}},"3":{"start":{"line":19,"column":10},"end":{"line":21,"column":null}},"4":{"start":{"line":23,"column":4},"end":{"line":27,"column":null}},"5":{"start":{"line":24,"column":6},"end":{"line":26,"column":null}},"6":{"start":{"line":30,"column":2},"end":{"line":39,"column":null}}},"fnMap":{"0":{"name":"ScrollTop","decl":{"start":{"line":7,"column":16},"end":{"line":7,"column":26}},"loc":{"start":{"line":7,"column":49},"end":{"line":41,"column":null}},"line":7},"1":{"name":"(anonymous_1)","decl":{"start":{"line":18,"column":22},"end":{"line":18,"column":23}},"loc":{"start":{"line":18,"column":67},"end":{"line":28,"column":null}},"line":18}},"branchMap":{"0":{"loc":{"start":{"line":20,"column":7},"end":{"line":20,"column":null}},"type":"binary-expr","locations":[{"start":{"line":20,"column":7},"end":{"line":20,"column":56}},{"start":{"line":20,"column":56},"end":{"line":20,"column":null}}],"line":20},"1":{"loc":{"start":{"line":23,"column":4},"end":{"line":27,"column":null}},"type":"if","locations":[{"start":{"line":23,"column":4},"end":{"line":27,"column":null}},{"start":{},"end":{}}],"line":23}},"s":{"0":6,"1":6,"2":6,"3":0,"4":0,"5":0,"6":6},"f":{"0":6,"1":0},"b":{"0":[0,0],"1":[0,0]},"meta":{"lastBranch":2,"lastFunction":2,"lastStatement":7,"seen":{"f:7:16:7:26":0,"s:8:23:8:Infinity":0,"s:12:8:16:Infinity":1,"s:18:22:28:Infinity":2,"f:18:22:18:23":1,"s:19:10:21:Infinity":3,"b:20:7:20:56:20:56:20:Infinity":0,"b:23:4:27:Infinity:undefined:undefined:undefined:undefined":1,"s:23:4:27:Infinity":4,"s:24:6:26:Infinity":5,"s:30:2:39:Infinity":6}}}
,"/Users/akojiagoh/next-technical-test/client/src/components/search/SearchBar/SearchBar.tsx": {"path":"/Users/akojiagoh/next-technical-test/client/src/components/search/SearchBar/SearchBar.tsx","statementMap":{"0":{"start":{"line":15,"column":8},"end":{"line":15,"column":null}},"1":{"start":{"line":16,"column":25},"end":{"line":16,"column":null}},"2":{"start":{"line":16,"column":55},"end":{"line":16,"column":67}},"3":{"start":{"line":17,"column":34},"end":{"line":17,"column":null}},"4":{"start":{"line":19,"column":23},"end":{"line":22,"column":null}},"5":{"start":{"line":20,"column":4},"end":{"line":20,"column":null}},"6":{"start":{"line":21,"column":4},"end":{"line":21,"column":null}},"7":{"start":{"line":24,"column":22},"end":{"line":27,"column":null}},"8":{"start":{"line":25,"column":4},"end":{"line":25,"column":null}},"9":{"start":{"line":26,"column":4},"end":{"line":26,"column":null}},"10":{"start":{"line":29,"column":2},"end":{"line":72,"column":null}},"11":{"start":{"line":37,"column":27},"end":{"line":37,"column":null}},"12":{"start":{"line":38,"column":28},"end":{"line":38,"column":null}}},"fnMap":{"0":{"name":"SearchBar","decl":{"start":{"line":14,"column":24},"end":{"line":14,"column":36}},"loc":{"start":{"line":14,"column":36},"end":{"line":74,"column":null}},"line":14},"1":{"name":"(anonymous_1)","decl":{"start":{"line":16,"column":44},"end":{"line":16,"column":45}},"loc":{"start":{"line":16,"column":55},"end":{"line":16,"column":67}},"line":16},"2":{"name":"(anonymous_2)","decl":{"start":{"line":19,"column":23},"end":{"line":19,"column":29}},"loc":{"start":{"line":19,"column":29},"end":{"line":22,"column":null}},"line":19},"3":{"name":"(anonymous_3)","decl":{"start":{"line":24,"column":22},"end":{"line":24,"column":28}},"loc":{"start":{"line":24,"column":28},"end":{"line":27,"column":null}},"line":24},"4":{"name":"(anonymous_4)","decl":{"start":{"line":37,"column":20},"end":{"line":37,"column":21}},"loc":{"start":{"line":37,"column":27},"end":{"line":37,"column":null}},"line":37},"5":{"name":"(anonymous_5)","decl":{"start":{"line":38,"column":21},"end":{"line":38,"column":22}},"loc":{"start":{"line":38,"column":28},"end":{"line":38,"column":null}},"line":38}},"branchMap":{"0":{"loc":{"start":{"line":38,"column":28},"end":{"line":38,"column":null}},"type":"binary-expr","locations":[{"start":{"line":38,"column":28},"end":{"line":38,"column":49}},{"start":{"line":38,"column":49},"end":{"line":38,"column":null}}],"line":38},"1":{"loc":{"start":{"line":42,"column":28},"end":{"line":50,"column":null}},"type":"binary-expr","locations":[{"start":{"line":42,"column":28},"end":{"line":42,"column":null}},{"start":{"line":43,"column":16},"end":{"line":50,"column":null}}],"line":42},"2":{"loc":{"start":{"line":59,"column":20},"end":{"line":59,"column":null}},"type":"binary-expr","locations":[{"start":{"line":59,"column":20},"end":{"line":59,"column":31}},{"start":{"line":59,"column":31},"end":{"line":59,"column":null}}],"line":59},"3":{"loc":{"start":{"line":61,"column":12},"end":{"line":64,"column":null}},"type":"cond-expr","locations":[{"start":{"line":62,"column":14},"end":{"line":62,"column":null}},{"start":{"line":64,"column":14},"end":{"line":64,"column":null}}],"line":61},"4":{"loc":{"start":{"line":69,"column":11},"end":{"line":69,"column":null}},"type":"cond-expr","locations":[{"start":{"line":69,"column":21},"end":{"line":69,"column":38}},{"start":{"line":69,"column":38},"end":{"line":69,"column":null}}],"line":69}},"s":{"0":77,"1":77,"2":108,"3":77,"4":77,"5":3,"6":3,"7":77,"8":1,"9":1,"10":77,"11":49,"12":50},"f":{"0":77,"1":108,"2":3,"3":1,"4":49,"5":50},"b":{"0":[50,1],"1":[77,54],"2":[77,73],"3":[4,73],"4":[4,73]},"meta":{"lastBranch":5,"lastFunction":6,"lastStatement":13,"seen":{"f:14:24:14:36":0,"s:15:8:15:Infinity":0,"s:16:25:16:Infinity":1,"f:16:44:16:45":1,"s:16:55:16:67":2,"s:17:34:17:Infinity":3,"s:19:23:22:Infinity":4,"f:19:23:19:29":2,"s:20:4:20:Infinity":5,"s:21:4:21:Infinity":6,"s:24:22:27:Infinity":7,"f:24:22:24:28":3,"s:25:4:25:Infinity":8,"s:26:4:26:Infinity":9,"s:29:2:72:Infinity":10,"f:37:20:37:21":4,"s:37:27:37:Infinity":11,"f:38:21:38:22":5,"s:38:28:38:Infinity":12,"b:38:28:38:49:38:49:38:Infinity":0,"b:42:28:42:Infinity:43:16:50:Infinity":1,"b:59:20:59:31:59:31:59:Infinity":2,"b:62:14:62:Infinity:64:14:64:Infinity":3,"b:69:21:69:38:69:38:69:Infinity":4}}}
,"/Users/akojiagoh/next-technical-test/client/src/components/search/SearchItem/SearchItem.tsx": {"path":"/Users/akojiagoh/next-technical-test/client/src/components/search/SearchItem/SearchItem.tsx","statementMap":{"0":{"start":{"line":18,"column":2},"end":{"line":83,"column":null}}},"fnMap":{"0":{"name":"SearchItem","decl":{"start":{"line":17,"column":24},"end":{"line":17,"column":35}},"loc":{"start":{"line":17,"column":62},"end":{"line":85,"column":null}},"line":17}},"branchMap":{"0":{"loc":{"start":{"line":28,"column":7},"end":{"line":46,"column":null}},"type":"cond-expr","locations":[{"start":{"line":29,"column":8},"end":{"line":34,"column":null}},{"start":{"line":36,"column":8},"end":{"line":46,"column":null}}],"line":28},"1":{"loc":{"start":{"line":33,"column":15},"end":{"line":33,"column":null}},"type":"binary-expr","locations":[{"start":{"line":33,"column":15},"end":{"line":33,"column":33}},{"start":{"line":33,"column":33},"end":{"line":33,"column":56}},{"start":{"line":33,"column":56},"end":{"line":33,"column":null}}],"line":33},"2":{"loc":{"start":{"line":50,"column":11},"end":{"line":50,"column":null}},"type":"binary-expr","locations":[{"start":{"line":50,"column":11},"end":{"line":50,"column":29}},{"start":{"line":50,"column":29},"end":{"line":50,"column":52}},{"start":{"line":50,"column":52},"end":{"line":50,"column":null}}],"line":50},"3":{"loc":{"start":{"line":56,"column":11},"end":{"line":63,"column":null}},"type":"binary-expr","locations":[{"start":{"line":56,"column":11},"end":{"line":56,"column":null}},{"start":{"line":57,"column":12},"end":{"line":63,"column":null}}],"line":56},"4":{"loc":{"start":{"line":65,"column":11},"end":{"line":71,"column":null}},"type":"binary-expr","locations":[{"start":{"line":65,"column":11},"end":{"line":65,"column":null}},{"start":{"line":66,"column":12},"end":{"line":71,"column":null}}],"line":65},"5":{"loc":{"start":{"line":73,"column":11},"end":{"line":79,"column":null}},"type":"binary-expr","locations":[{"start":{"line":73,"column":11},"end":{"line":73,"column":null}},{"start":{"line":74,"column":12},"end":{"line":79,"column":null}}],"line":73}},"s":{"0":30},"f":{"0":30},"b":{"0":[19,11],"1":[19,2,1],"2":[30,2,1],"3":[30,19],"4":[30,19],"5":[30,19]},"meta":{"lastBranch":6,"lastFunction":1,"lastStatement":1,"seen":{"f:17:24:17:35":0,"s:18:2:83:Infinity":0,"b:29:8:34:Infinity:36:8:46:Infinity":0,"b:33:15:33:33:33:33:33:56:33:56:33:Infinity":1,"b:50:11:50:29:50:29:50:52:50:52:50:Infinity":2,"b:56:11:56:Infinity:57:12:63:Infinity":3,"b:65:11:65:Infinity:66:12:71:Infinity":4,"b:73:11:73:Infinity:74:12:79:Infinity":5}}}
,"/Users/akojiagoh/next-technical-test/client/src/components/search/SearchResults/SearchResults.tsx": {"path":"/Users/akojiagoh/next-technical-test/client/src/components/search/SearchResults/SearchResults.tsx","statementMap":{"0":{"start":{"line":8,"column":8},"end":{"line":8,"column":null}},"1":{"start":{"line":9,"column":71},"end":{"line":10,"column":null}},"2":{"start":{"line":10,"column":30},"end":{"line":10,"column":42}},"3":{"start":{"line":13,"column":2},"end":{"line":35,"column":null}},"4":{"start":{"line":14,"column":25},"end":{"line":30,"column":null}},"5":{"start":{"line":16,"column":24},"end":{"line":16,"column":null}},"6":{"start":{"line":17,"column":27},"end":{"line":17,"column":null}},"7":{"start":{"line":18,"column":27},"end":{"line":18,"column":null}},"8":{"start":{"line":19,"column":30},"end":{"line":19,"column":null}},"9":{"start":{"line":22,"column":6},"end":{"line":29,"column":null}},"10":{"start":{"line":28,"column":8},"end":{"line":28,"column":null}},"11":{"start":{"line":33,"column":4},"end":{"line":33,"column":null}},"12":{"start":{"line":34,"column":4},"end":{"line":34,"column":null}},"13":{"start":{"line":34,"column":17},"end":{"line":34,"column":null}},"14":{"start":{"line":37,"column":2},"end":{"line":43,"column":null}},"15":{"start":{"line":38,"column":4},"end":{"line":41,"column":null}},"16":{"start":{"line":45,"column":2},"end":{"line":51,"column":null}},"17":{"start":{"line":46,"column":4},"end":{"line":49,"column":null}},"18":{"start":{"line":53,"column":2},"end":{"line":94,"column":null}},"19":{"start":{"line":54,"column":4},"end":{"line":92,"column":null}},"20":{"start":{"line":73,"column":14},"end":{"line":78,"column":null}},"21":{"start":{"line":96,"column":2},"end":{"line":96,"column":null}}},"fnMap":{"0":{"name":"SearchResults","decl":{"start":{"line":7,"column":24},"end":{"line":7,"column":40}},"loc":{"start":{"line":7,"column":40},"end":{"line":97,"column":null}},"line":7},"1":{"name":"(anonymous_1)","decl":{"start":{"line":10,"column":19},"end":{"line":10,"column":20}},"loc":{"start":{"line":10,"column":30},"end":{"line":10,"column":42}},"line":10},"2":{"name":"(anonymous_2)","decl":{"start":{"line":13,"column":12},"end":{"line":13,"column":18}},"loc":{"start":{"line":13,"column":18},"end":{"line":35,"column":5}},"line":13},"3":{"name":"(anonymous_3)","decl":{"start":{"line":14,"column":25},"end":{"line":14,"column":31}},"loc":{"start":{"line":14,"column":31},"end":{"line":30,"column":null}},"line":14},"4":{"name":"(anonymous_4)","decl":{"start":{"line":34,"column":11},"end":{"line":34,"column":17}},"loc":{"start":{"line":34,"column":17},"end":{"line":34,"column":null}},"line":34},"5":{"name":"(anonymous_5)","decl":{"start":{"line":72,"column":34},"end":{"line":72,"column":35}},"loc":{"start":{"line":73,"column":14},"end":{"line":78,"column":null}},"line":73}},"branchMap":{"0":{"loc":{"start":{"line":16,"column":24},"end":{"line":16,"column":null}},"type":"binary-expr","locations":[{"start":{"line":16,"column":24},"end":{"line":16,"column":42}},{"start":{"line":16,"column":42},"end":{"line":16,"column":null}}],"line":16},"1":{"loc":{"start":{"line":22,"column":6},"end":{"line":29,"column":null}},"type":"if","locations":[{"start":{"line":22,"column":6},"end":{"line":29,"column":null}},{"start":{},"end":{}}],"line":22},"2":{"loc":{"start":{"line":23,"column":8},"end":{"line":25,"column":null}},"type":"binary-expr","locations":[{"start":{"line":23,"column":8},"end":{"line":23,"column":null}},{"start":{"line":24,"column":8},"end":{"line":24,"column":null}},{"start":{"line":25,"column":8},"end":{"line":25,"column":null}}],"line":23},"3":{"loc":{"start":{"line":37,"column":2},"end":{"line":43,"column":null}},"type":"if","locations":[{"start":{"line":37,"column":2},"end":{"line":43,"column":null}},{"start":{},"end":{}}],"line":37},"4":{"loc":{"start":{"line":45,"column":2},"end":{"line":51,"column":null}},"type":"if","locations":[{"start":{"line":45,"column":2},"end":{"line":51,"column":null}},{"start":{},"end":{}}],"line":45},"5":{"loc":{"start":{"line":45,"column":6},"end":{"line":45,"column":68}},"type":"binary-expr","locations":[{"start":{"line":45,"column":6},"end":{"line":45,"column":18}},{"start":{"line":45,"column":18},"end":{"line":45,"column":28}},{"start":{"line":45,"column":28},"end":{"line":45,"column":37}},{"start":{"line":45,"column":37},"end":{"line":45,"column":68}}],"line":45},"6":{"loc":{"start":{"line":53,"column":2},"end":{"line":94,"column":null}},"type":"if","locations":[{"start":{"line":53,"column":2},"end":{"line":94,"column":null}},{"start":{},"end":{}}],"line":53},"7":{"loc":{"start":{"line":53,"column":6},"end":{"line":53,"column":57}},"type":"binary-expr","locations":[{"start":{"line":53,"column":6},"end":{"line":53,"column":18}},{"start":{"line":53,"column":18},"end":{"line":53,"column":28}},{"start":{"line":53,"column":28},"end":{"line":53,"column":57}}],"line":53},"8":{"loc":{"start":{"line":58,"column":11},"end":{"line":58,"column":null}},"type":"cond-expr","locations":[{"start":{"line":58,"column":37},"end":{"line":58,"column":43}},{"start":{"line":58,"column":43},"end":{"line":58,"column":null}}],"line":58},"9":{"loc":{"start":{"line":74,"column":21},"end":{"line":74,"column":null}},"type":"binary-expr","locations":[{"start":{"line":74,"column":21},"end":{"line":74,"column":37}},{"start":{"line":74,"column":37},"end":{"line":74,"column":58}},{"start":{"line":74,"column":58},"end":{"line":74,"column":null}}],"line":74},"10":{"loc":{"start":{"line":81,"column":11},"end":{"line":89,"column":null}},"type":"binary-expr","locations":[{"start":{"line":81,"column":11},"end":{"line":81,"column":23}},{"start":{"line":81,"column":23},"end":{"line":81,"column":null}},{"start":{"line":82,"column":12},"end":{"line":89,"column":null}}],"line":81}},"s":{"0":20,"1":20,"2":40,"3":20,"4":20,"5":0,"6":0,"7":0,"8":0,"9":0,"10":0,"11":20,"12":20,"13":20,"14":20,"15":1,"16":19,"17":1,"18":18,"19":5,"20":20,"21":13},"f":{"0":20,"1":40,"2":20,"3":0,"4":20,"5":20},"b":{"0":[0,0],"1":[0,0],"2":[0,0,0],"3":[1,19],"4":[1,18],"5":[19,19,19,6],"6":[5,13],"7":[18,18,18],"8":[4,1],"9":[20,0,0],"10":[5,4,4]},"meta":{"lastBranch":11,"lastFunction":6,"lastStatement":22,"seen":{"f:7:24:7:40":0,"s:8:8:8:Infinity":0,"s:9:71:10:Infinity":1,"f:10:19:10:20":1,"s:10:30:10:42":2,"s:13:2:35:Infinity":3,"f:13:12:13:18":2,"s:14:25:30:Infinity":4,"f:14:25:14:31":3,"s:16:24:16:Infinity":5,"b:16:24:16:42:16:42:16:Infinity":0,"s:17:27:17:Infinity":6,"s:18:27:18:Infinity":7,"s:19:30:19:Infinity":8,"b:22:6:29:Infinity:undefined:undefined:undefined:undefined":1,"s:22:6:29:Infinity":9,"b:23:8:23:Infinity:24:8:24:Infinity:25:8:25:Infinity":2,"s:28:8:28:Infinity":10,"s:33:4:33:Infinity":11,"s:34:4:34:Infinity":12,"f:34:11:34:17":4,"s:34:17:34:Infinity":13,"b:37:2:43:Infinity:undefined:undefined:undefined:undefined":3,"s:37:2:43:Infinity":14,"s:38:4:41:Infinity":15,"b:45:2:51:Infinity:undefined:undefined:undefined:undefined":4,"s:45:2:51:Infinity":16,"b:45:6:45:18:45:18:45:28:45:28:45:37:45:37:45:68":5,"s:46:4:49:Infinity":17,"b:53:2:94:Infinity:undefined:undefined:undefined:undefined":6,"s:53:2:94:Infinity":18,"b:53:6:53:18:53:18:53:28:53:28:53:57":7,"s:54:4:92:Infinity":19,"b:58:37:58:43:58:43:58:Infinity":8,"f:72:34:72:35":5,"s:73:14:78:Infinity":20,"b:74:21:74:37:74:37:74:58:74:58:74:Infinity":9,"b:81:11:81:23:81:23:81:Infinity:82:12:89:Infinity":10,"s:96:2:96:Infinity":21}}}
,"/Users/akojiagoh/next-technical-test/client/src/features/search/index.ts": {"path":"/Users/akojiagoh/next-technical-test/client/src/features/search/index.ts","statementMap":{},"fnMap":{},"branchMap":{},"s":{},"f":{},"b":{},"meta":{"lastBranch":0,"lastFunction":0,"lastStatement":0,"seen":{}}}
,"/Users/akojiagoh/next-technical-test/client/src/features/search/searchSlice.ts": {"path":"/Users/akojiagoh/next-technical-test/client/src/features/search/searchSlice.ts","statementMap":{"0":{"start":{"line":32,"column":34},"end":{"line":40,"column":null}},"1":{"start":{"line":43,"column":13},"end":{"line":58,"column":null}},"2":{"start":{"line":48,"column":21},"end":{"line":50,"column":null}},"3":{"start":{"line":51,"column":4},"end":{"line":53,"column":null}},"4":{"start":{"line":52,"column":6},"end":{"line":52,"column":null}},"5":{"start":{"line":54,"column":17},"end":{"line":54,"column":null}},"6":{"start":{"line":56,"column":4},"end":{"line":56,"column":null}},"7":{"start":{"line":60,"column":13},"end":{"line":103,"column":null}},"8":{"start":{"line":65,"column":6},"end":{"line":65,"column":null}},"9":{"start":{"line":68,"column":6},"end":{"line":68,"column":null}},"10":{"start":{"line":69,"column":6},"end":{"line":69,"column":null}},"11":{"start":{"line":70,"column":6},"end":{"line":70,"column":null}},"12":{"start":{"line":71,"column":6},"end":{"line":71,"column":null}},"13":{"start":{"line":72,"column":6},"end":{"line":72,"column":null}},"14":{"start":{"line":73,"column":6},"end":{"line":73,"column":null}},"15":{"start":{"line":77,"column":24},"end":{"line":77,"column":null}},"16":{"start":{"line":78,"column":6},"end":{"line":78,"column":null}},"17":{"start":{"line":79,"column":6},"end":{"line":79,"column":null}},"18":{"start":{"line":80,"column":6},"end":{"line":80,"column":null}},"19":{"start":{"line":84,"column":4},"end":{"line":101,"column":null}},"20":{"start":{"line":87,"column":8},"end":{"line":87,"column":null}},"21":{"start":{"line":88,"column":8},"end":{"line":88,"column":null}},"22":{"start":{"line":91,"column":8},"end":{"line":91,"column":null}},"23":{"start":{"line":92,"column":8},"end":{"line":92,"column":null}},"24":{"start":{"line":94,"column":8},"end":{"line":94,"column":null}},"25":{"start":{"line":95,"column":8},"end":{"line":95,"column":null}},"26":{"start":{"line":96,"column":8},"end":{"line":96,"column":null}},"27":{"start":{"line":99,"column":8},"end":{"line":99,"column":null}},"28":{"start":{"line":100,"column":8},"end":{"line":100,"column":null}},"29":{"start":{"line":105,"column":58},"end":{"line":105,"column":null}}},"fnMap":{"0":{"name":"(anonymous_0)","decl":{"start":{"line":45,"column":2},"end":{"line":45,"column":9}},"loc":{"start":{"line":45,"column":27},"end":{"line":57,"column":null}},"line":45},"1":{"name":"(anonymous_1)","decl":{"start":{"line":64,"column":14},"end":{"line":64,"column":15}},"loc":{"start":{"line":64,"column":56},"end":{"line":66,"column":null}},"line":64},"2":{"name":"(anonymous_2)","decl":{"start":{"line":67,"column":17},"end":{"line":67,"column":18}},"loc":{"start":{"line":67,"column":28},"end":{"line":74,"column":null}},"line":67},"3":{"name":"(anonymous_3)","decl":{"start":{"line":76,"column":21},"end":{"line":76,"column":22}},"loc":{"start":{"line":76,"column":32},"end":{"line":81,"column":null}},"line":76},"4":{"name":"(anonymous_4)","decl":{"start":{"line":83,"column":17},"end":{"line":83,"column":18}},"loc":{"start":{"line":83,"column":30},"end":{"line":102,"column":null}},"line":83},"5":{"name":"(anonymous_5)","decl":{"start":{"line":86,"column":36},"end":{"line":86,"column":37}},"loc":{"start":{"line":86,"column":47},"end":{"line":89,"column":7}},"line":86},"6":{"name":"(anonymous_6)","decl":{"start":{"line":90,"column":38},"end":{"line":90,"column":39}},"loc":{"start":{"line":90,"column":57},"end":{"line":97,"column":7}},"line":90},"7":{"name":"(anonymous_7)","decl":{"start":{"line":98,"column":37},"end":{"line":98,"column":38}},"loc":{"start":{"line":98,"column":56},"end":{"line":101,"column":7}},"line":98}},"branchMap":{"0":{"loc":{"start":{"line":51,"column":4},"end":{"line":53,"column":null}},"type":"if","locations":[{"start":{"line":51,"column":4},"end":{"line":53,"column":null}},{"start":{},"end":{}}],"line":51},"1":{"loc":{"start":{"line":100,"column":22},"end":{"line":100,"column":null}},"type":"binary-expr","locations":[{"start":{"line":100,"column":22},"end":{"line":100,"column":46}},{"start":{"line":100,"column":46},"end":{"line":100,"column":null}}],"line":100}},"s":{"0":6,"1":6,"2":3,"3":2,"4":0,"5":2,"6":2,"7":6,"8":4,"9":2,"10":2,"11":2,"12":2,"13":2,"14":2,"15":2,"16":2,"17":2,"18":2,"19":6,"20":4,"21":4,"22":4,"23":4,"24":4,"25":4,"26":4,"27":1,"28":1,"29":6},"f":{"0":3,"1":4,"2":2,"3":2,"4":6,"5":4,"6":4,"7":1},"b":{"0":[0,2],"1":[1,0]},"meta":{"lastBranch":2,"lastFunction":8,"lastStatement":30,"seen":{"s:32:34:40:Infinity":0,"s:43:13:58:Infinity":1,"f:45:2:45:9":0,"s:48:21:50:Infinity":2,"b:51:4:53:Infinity:undefined:undefined:undefined:undefined":0,"s:51:4:53:Infinity":3,"s:52:6:52:Infinity":4,"s:54:17:54:Infinity":5,"s:56:4:56:Infinity":6,"s:60:13:103:Infinity":7,"f:64:14:64:15":1,"s:65:6:65:Infinity":8,"f:67:17:67:18":2,"s:68:6:68:Infinity":9,"s:69:6:69:Infinity":10,"s:70:6:70:Infinity":11,"s:71:6:71:Infinity":12,"s:72:6:72:Infinity":13,"s:73:6:73:Infinity":14,"f:76:21:76:22":3,"s:77:24:77:Infinity":15,"s:78:6:78:Infinity":16,"s:79:6:79:Infinity":17,"s:80:6:80:Infinity":18,"f:83:17:83:18":4,"s:84:4:101:Infinity":19,"f:86:36:86:37":5,"s:87:8:87:Infinity":20,"s:88:8:88:Infinity":21,"f:90:38:90:39":6,"s:91:8:91:Infinity":22,"s:92:8:92:Infinity":23,"s:94:8:94:Infinity":24,"s:95:8:95:Infinity":25,"s:96:8:96:Infinity":26,"f:98:37:98:38":7,"s:99:8:99:Infinity":27,"s:100:8:100:Infinity":28,"b:100:22:100:46:100:46:100:Infinity":1,"s:105:58:105:Infinity":29}}}
,"/Users/akojiagoh/next-technical-test/client/src/pages/SearchPage/SearchPage.tsx": {"path":"/Users/akojiagoh/next-technical-test/client/src/pages/SearchPage/SearchPage.tsx","statementMap":{"0":{"start":{"line":7,"column":2},"end":{"line":31,"column":null}}},"fnMap":{"0":{"name":"SearchPage","decl":{"start":{"line":6,"column":24},"end":{"line":6,"column":37}},"loc":{"start":{"line":6,"column":37},"end":{"line":33,"column":null}},"line":6}},"branchMap":{},"s":{"0":12},"f":{"0":12},"b":{},"meta":{"lastBranch":0,"lastFunction":1,"lastStatement":1,"seen":{"f:6:24:6:37":0,"s:7:2:31:Infinity":0}}}
,"/Users/akojiagoh/next-technical-test/client/src/store/hooks.ts": {"path":"/Users/akojiagoh/next-technical-test/client/src/store/hooks.ts","statementMap":{"0":{"start":{"line":5,"column":30},"end":{"line":5,"column":null}},"1":{"start":{"line":6,"column":30},"end":{"line":6,"column":null}}},"fnMap":{},"branchMap":{},"s":{"0":4,"1":4},"f":{},"b":{},"meta":{"lastBranch":0,"lastFunction":0,"lastStatement":2,"seen":{"s:5:30:5:Infinity":0,"s:6:30:6:Infinity":1}}}
}
